mode: set
github.com/balaji01-4d/pgspecial/pgspecial/dbcommands/describe_tables.go:14.13,19.102 1 1
github.com/balaji01-4d/pgspecial/pgspecial/dbcommands/describe_tables.go:19.102,21.18 2 0
github.com/balaji01-4d/pgspecial/pgspecial/dbcommands/describe_tables.go:21.18,23.5 1 0
github.com/balaji01-4d/pgspecial/pgspecial/dbcommands/describe_tables.go:24.4,24.26 1 0
github.com/balaji01-4d/pgspecial/pgspecial/dbcommands/describe_tables.go:24.26,26.5 1 0
github.com/balaji01-4d/pgspecial/pgspecial/dbcommands/describe_tables.go:27.4,27.27 1 0
github.com/balaji01-4d/pgspecial/pgspecial/dbcommands/describe_tables.go:32.2,36.102 1 1
github.com/balaji01-4d/pgspecial/pgspecial/dbcommands/describe_tables.go:36.102,38.18 2 0
github.com/balaji01-4d/pgspecial/pgspecial/dbcommands/describe_tables.go:38.18,40.5 1 0
github.com/balaji01-4d/pgspecial/pgspecial/dbcommands/describe_tables.go:41.4,41.26 1 0
github.com/balaji01-4d/pgspecial/pgspecial/dbcommands/describe_tables.go:41.26,43.5 1 0
github.com/balaji01-4d/pgspecial/pgspecial/dbcommands/describe_tables.go:44.4,44.27 1 0
github.com/balaji01-4d/pgspecial/pgspecial/dbcommands/describe_tables.go:50.114,51.19 1 0
github.com/balaji01-4d/pgspecial/pgspecial/dbcommands/describe_tables.go:51.19,53.17 2 0
github.com/balaji01-4d/pgspecial/pgspecial/dbcommands/describe_tables.go:53.17,55.4 1 0
github.com/balaji01-4d/pgspecial/pgspecial/dbcommands/describe_tables.go:56.3,56.31 1 0
github.com/balaji01-4d/pgspecial/pgspecial/dbcommands/describe_tables.go:59.2,71.18 6 0
github.com/balaji01-4d/pgspecial/pgspecial/dbcommands/describe_tables.go:71.18,75.3 3 0
github.com/balaji01-4d/pgspecial/pgspecial/dbcommands/describe_tables.go:75.8,77.3 1 0
github.com/balaji01-4d/pgspecial/pgspecial/dbcommands/describe_tables.go:79.2,79.19 1 0
github.com/balaji01-4d/pgspecial/pgspecial/dbcommands/describe_tables.go:79.19,83.3 3 0
github.com/balaji01-4d/pgspecial/pgspecial/dbcommands/describe_tables.go:85.2,88.16 3 0
github.com/balaji01-4d/pgspecial/pgspecial/dbcommands/describe_tables.go:88.16,90.3 1 0
github.com/balaji01-4d/pgspecial/pgspecial/dbcommands/describe_tables.go:91.2,96.18 4 0
github.com/balaji01-4d/pgspecial/pgspecial/dbcommands/describe_tables.go:96.18,100.64 4 0
github.com/balaji01-4d/pgspecial/pgspecial/dbcommands/describe_tables.go:100.64,102.4 1 0
github.com/balaji01-4d/pgspecial/pgspecial/dbcommands/describe_tables.go:106.3,107.17 2 0
github.com/balaji01-4d/pgspecial/pgspecial/dbcommands/describe_tables.go:107.17,109.4 1 0
github.com/balaji01-4d/pgspecial/pgspecial/dbcommands/describe_tables.go:110.3,110.33 1 0
github.com/balaji01-4d/pgspecial/pgspecial/dbcommands/describe_tables.go:113.2,113.35 1 0
github.com/balaji01-4d/pgspecial/pgspecial/dbcommands/describe_tables.go:113.35,115.3 1 0
github.com/balaji01-4d/pgspecial/pgspecial/dbcommands/describe_tables.go:117.2,117.12 1 0
github.com/balaji01-4d/pgspecial/pgspecial/dbcommands/describe_tables.go:117.12,119.3 1 0
github.com/balaji01-4d/pgspecial/pgspecial/dbcommands/describe_tables.go:121.2,121.21 1 0
github.com/balaji01-4d/pgspecial/pgspecial/dbcommands/describe_tables.go:124.144,127.16 3 0
github.com/balaji01-4d/pgspecial/pgspecial/dbcommands/describe_tables.go:127.16,129.3 1 0
github.com/balaji01-4d/pgspecial/pgspecial/dbcommands/describe_tables.go:131.2,141.110 5 0
github.com/balaji01-4d/pgspecial/pgspecial/dbcommands/describe_tables.go:141.110,152.3 1 0
github.com/balaji01-4d/pgspecial/pgspecial/dbcommands/describe_tables.go:154.2,154.38 1 0
github.com/balaji01-4d/pgspecial/pgspecial/dbcommands/describe_tables.go:154.38,156.3 1 0
github.com/balaji01-4d/pgspecial/pgspecial/dbcommands/describe_tables.go:158.2,158.20 1 0
github.com/balaji01-4d/pgspecial/pgspecial/dbcommands/describe_tables.go:158.20,160.3 1 0
github.com/balaji01-4d/pgspecial/pgspecial/dbcommands/describe_tables.go:162.2,162.13 1 0
github.com/balaji01-4d/pgspecial/pgspecial/dbcommands/describe_tables.go:162.13,164.111 2 0
github.com/balaji01-4d/pgspecial/pgspecial/dbcommands/describe_tables.go:164.111,166.4 1 0
github.com/balaji01-4d/pgspecial/pgspecial/dbcommands/describe_tables.go:167.3,167.111 1 0
github.com/balaji01-4d/pgspecial/pgspecial/dbcommands/describe_tables.go:167.111,169.4 1 0
github.com/balaji01-4d/pgspecial/pgspecial/dbcommands/describe_tables.go:172.2,183.44 3 0
github.com/balaji01-4d/pgspecial/pgspecial/dbcommands/list_datatypes.go:13.13,21.2 1 1
github.com/balaji01-4d/pgspecial/pgspecial/dbcommands/list_datatypes.go:23.105,33.13 5 1
github.com/balaji01-4d/pgspecial/pgspecial/dbcommands/list_datatypes.go:33.13,51.3 1 1
github.com/balaji01-4d/pgspecial/pgspecial/dbcommands/list_datatypes.go:51.8,55.3 1 1
github.com/balaji01-4d/pgspecial/pgspecial/dbcommands/list_datatypes.go:57.2,70.25 3 1
github.com/balaji01-4d/pgspecial/pgspecial/dbcommands/list_datatypes.go:70.25,74.3 3 0
github.com/balaji01-4d/pgspecial/pgspecial/dbcommands/list_datatypes.go:74.8,76.3 1 1
github.com/balaji01-4d/pgspecial/pgspecial/dbcommands/list_datatypes.go:78.2,78.23 1 1
github.com/balaji01-4d/pgspecial/pgspecial/dbcommands/list_datatypes.go:78.23,82.3 2 1
github.com/balaji01-4d/pgspecial/pgspecial/dbcommands/list_datatypes.go:84.2,84.46 1 1
github.com/balaji01-4d/pgspecial/pgspecial/dbcommands/list_datatypes.go:84.46,89.3 1 1
github.com/balaji01-4d/pgspecial/pgspecial/dbcommands/list_datatypes.go:91.2,95.18 3 1
github.com/balaji01-4d/pgspecial/pgspecial/dbcommands/list_default_privileges.go:13.13,21.2 1 1
github.com/balaji01-4d/pgspecial/pgspecial/dbcommands/list_default_privileges.go:23.113,39.19 4 1
github.com/balaji01-4d/pgspecial/pgspecial/dbcommands/list_default_privileges.go:39.19,45.3 2 1
github.com/balaji01-4d/pgspecial/pgspecial/dbcommands/list_default_privileges.go:46.2,48.18 3 1
github.com/balaji01-4d/pgspecial/pgspecial/dbcommands/list_foreign_tables.go:13.13,21.2 1 1
github.com/balaji01-4d/pgspecial/pgspecial/dbcommands/list_foreign_tables.go:23.109,46.13 5 1
github.com/balaji01-4d/pgspecial/pgspecial/dbcommands/list_foreign_tables.go:46.13,51.3 1 1
github.com/balaji01-4d/pgspecial/pgspecial/dbcommands/list_foreign_tables.go:53.2,63.19 2 1
github.com/balaji01-4d/pgspecial/pgspecial/dbcommands/list_foreign_tables.go:63.19,67.3 3 1
github.com/balaji01-4d/pgspecial/pgspecial/dbcommands/list_foreign_tables.go:69.2,72.18 3 1
github.com/balaji01-4d/pgspecial/pgspecial/dbcommands/list_functions.go:13.13,21.2 1 1
github.com/balaji01-4d/pgspecial/pgspecial/dbcommands/list_functions.go:23.105,44.13 5 1
github.com/balaji01-4d/pgspecial/pgspecial/dbcommands/list_functions.go:44.13,56.3 1 1
github.com/balaji01-4d/pgspecial/pgspecial/dbcommands/list_functions.go:58.2,63.13 2 1
github.com/balaji01-4d/pgspecial/pgspecial/dbcommands/list_functions.go:63.13,68.3 1 1
github.com/balaji01-4d/pgspecial/pgspecial/dbcommands/list_functions.go:70.2,76.25 3 1
github.com/balaji01-4d/pgspecial/pgspecial/dbcommands/list_functions.go:76.25,80.3 3 0
github.com/balaji01-4d/pgspecial/pgspecial/dbcommands/list_functions.go:80.8,82.3 1 1
github.com/balaji01-4d/pgspecial/pgspecial/dbcommands/list_functions.go:84.2,84.23 1 1
github.com/balaji01-4d/pgspecial/pgspecial/dbcommands/list_functions.go:84.23,87.3 2 1
github.com/balaji01-4d/pgspecial/pgspecial/dbcommands/list_functions.go:89.2,89.49 1 1
github.com/balaji01-4d/pgspecial/pgspecial/dbcommands/list_functions.go:89.49,94.3 1 1
github.com/balaji01-4d/pgspecial/pgspecial/dbcommands/list_functions.go:96.2,99.18 3 1
github.com/balaji01-4d/pgspecial/pgspecial/dbcommands/list_objects.go:13.13,19.102 1 1
github.com/balaji01-4d/pgspecial/pgspecial/dbcommands/list_objects.go:19.102,21.4 1 0
github.com/balaji01-4d/pgspecial/pgspecial/dbcommands/list_objects.go:26.2,30.102 1 1
github.com/balaji01-4d/pgspecial/pgspecial/dbcommands/list_objects.go:30.102,32.4 1 0
github.com/balaji01-4d/pgspecial/pgspecial/dbcommands/list_objects.go:37.2,41.102 1 1
github.com/balaji01-4d/pgspecial/pgspecial/dbcommands/list_objects.go:41.102,43.4 1 0
github.com/balaji01-4d/pgspecial/pgspecial/dbcommands/list_objects.go:48.2,52.102 1 1
github.com/balaji01-4d/pgspecial/pgspecial/dbcommands/list_objects.go:52.102,54.4 1 0
github.com/balaji01-4d/pgspecial/pgspecial/dbcommands/list_objects.go:59.2,63.102 1 1
github.com/balaji01-4d/pgspecial/pgspecial/dbcommands/list_objects.go:63.102,65.4 1 0
github.com/balaji01-4d/pgspecial/pgspecial/dbcommands/list_objects.go:70.122,90.13 6 1
github.com/balaji01-4d/pgspecial/pgspecial/dbcommands/list_objects.go:90.13,95.3 1 0
github.com/balaji01-4d/pgspecial/pgspecial/dbcommands/list_objects.go:97.2,106.20 4 1
github.com/balaji01-4d/pgspecial/pgspecial/dbcommands/list_objects.go:106.20,110.3 3 0
github.com/balaji01-4d/pgspecial/pgspecial/dbcommands/list_objects.go:110.8,117.3 1 1
github.com/balaji01-4d/pgspecial/pgspecial/dbcommands/list_objects.go:119.2,119.19 1 1
github.com/balaji01-4d/pgspecial/pgspecial/dbcommands/list_objects.go:119.19,122.3 2 1
github.com/balaji01-4d/pgspecial/pgspecial/dbcommands/list_objects.go:124.2,127.18 3 1
github.com/balaji01-4d/pgspecial/pgspecial/dbcommands/list_privileges.go:13.13,22.2 1 1
github.com/balaji01-4d/pgspecial/pgspecial/dbcommands/list_privileges.go:24.106,79.19 5 1
github.com/balaji01-4d/pgspecial/pgspecial/dbcommands/list_privileges.go:79.19,81.18 2 1
github.com/balaji01-4d/pgspecial/pgspecial/dbcommands/list_privileges.go:81.18,85.4 3 1
github.com/balaji01-4d/pgspecial/pgspecial/dbcommands/list_privileges.go:86.3,86.19 1 1
github.com/balaji01-4d/pgspecial/pgspecial/dbcommands/list_privileges.go:86.19,89.4 2 1
github.com/balaji01-4d/pgspecial/pgspecial/dbcommands/list_privileges.go:90.8,92.3 1 1
github.com/balaji01-4d/pgspecial/pgspecial/dbcommands/list_privileges.go:94.2,97.18 4 1
github.com/balaji01-4d/pgspecial/pgspecial/dbcommands/list_roles.go:13.13,21.2 1 1
github.com/balaji01-4d/pgspecial/pgspecial/dbcommands/list_roles.go:23.101,40.13 5 1
github.com/balaji01-4d/pgspecial/pgspecial/dbcommands/list_roles.go:40.13,42.3 1 1
github.com/balaji01-4d/pgspecial/pgspecial/dbcommands/list_roles.go:43.2,48.19 2 1
github.com/balaji01-4d/pgspecial/pgspecial/dbcommands/list_roles.go:48.19,50.25 2 1
github.com/balaji01-4d/pgspecial/pgspecial/dbcommands/list_roles.go:50.25,53.4 2 1
github.com/balaji01-4d/pgspecial/pgspecial/dbcommands/list_roles.go:56.2,58.18 3 1
github.com/balaji01-4d/pgspecial/pgspecial/dbcommands/list_schemas.go:13.13,21.2 1 1
github.com/balaji01-4d/pgspecial/pgspecial/dbcommands/list_schemas.go:23.103,32.13 5 1
github.com/balaji01-4d/pgspecial/pgspecial/dbcommands/list_schemas.go:32.13,36.3 1 1
github.com/balaji01-4d/pgspecial/pgspecial/dbcommands/list_schemas.go:37.2,39.19 2 1
github.com/balaji01-4d/pgspecial/pgspecial/dbcommands/list_schemas.go:39.19,42.25 2 1
github.com/balaji01-4d/pgspecial/pgspecial/dbcommands/list_schemas.go:42.25,45.4 2 1
github.com/balaji01-4d/pgspecial/pgspecial/dbcommands/list_schemas.go:46.8,50.3 1 1
github.com/balaji01-4d/pgspecial/pgspecial/dbcommands/list_schemas.go:52.2,54.18 3 1
github.com/balaji01-4d/pgspecial/pgspecial/dbcommands/list_table_spaces.go:13.13,21.2 1 1
github.com/balaji01-4d/pgspecial/pgspecial/dbcommands/list_table_spaces.go:23.107,35.56 6 1
github.com/balaji01-4d/pgspecial/pgspecial/dbcommands/list_table_spaces.go:35.56,37.3 1 0
github.com/balaji01-4d/pgspecial/pgspecial/dbcommands/list_table_spaces.go:39.2,44.25 2 1
github.com/balaji01-4d/pgspecial/pgspecial/dbcommands/list_table_spaces.go:44.25,46.3 1 1
github.com/balaji01-4d/pgspecial/pgspecial/dbcommands/list_table_spaces.go:46.8,48.3 1 0
github.com/balaji01-4d/pgspecial/pgspecial/dbcommands/list_table_spaces.go:50.2,54.19 2 1
github.com/balaji01-4d/pgspecial/pgspecial/dbcommands/list_table_spaces.go:54.19,56.25 2 1
github.com/balaji01-4d/pgspecial/pgspecial/dbcommands/list_table_spaces.go:56.25,59.4 2 1
github.com/balaji01-4d/pgspecial/pgspecial/dbcommands/list_table_spaces.go:62.2,64.24 3 1
github.com/balaji01-4d/pgspecial/pgspecial/dbcommands/listdatabases.go:13.13,22.2 1 1
github.com/balaji01-4d/pgspecial/pgspecial/dbcommands/listdatabases.go:24.105,38.13 5 1
github.com/balaji01-4d/pgspecial/pgspecial/dbcommands/listdatabases.go:38.13,48.3 1 1
github.com/balaji01-4d/pgspecial/pgspecial/dbcommands/listdatabases.go:50.2,54.13 2 1
github.com/balaji01-4d/pgspecial/pgspecial/dbcommands/listdatabases.go:54.13,56.3 1 1
github.com/balaji01-4d/pgspecial/pgspecial/dbcommands/listdatabases.go:58.2,58.19 1 1
github.com/balaji01-4d/pgspecial/pgspecial/dbcommands/listdatabases.go:58.19,61.25 2 1
github.com/balaji01-4d/pgspecial/pgspecial/dbcommands/listdatabases.go:61.25,63.4 1 1
github.com/balaji01-4d/pgspecial/pgspecial/dbcommands/listdatabases.go:64.3,64.73 1 1
github.com/balaji01-4d/pgspecial/pgspecial/dbcommands/listdatabases.go:67.2,69.16 3 1
github.com/balaji01-4d/pgspecial/pgspecial/dbcommands/listdatabases.go:69.16,71.3 1 0
github.com/balaji01-4d/pgspecial/pgspecial/dbcommands/listdatabases.go:73.2,73.18 1 1
github.com/balaji01-4d/pgspecial/pgspecial/dbcommands/util.go:7.60,12.36 4 1
github.com/balaji01-4d/pgspecial/pgspecial/dbcommands/util.go:12.36,15.10 2 1
github.com/balaji01-4d/pgspecial/pgspecial/dbcommands/util.go:16.17,17.61 1 1
github.com/balaji01-4d/pgspecial/pgspecial/dbcommands/util.go:17.61,20.5 2 1
github.com/balaji01-4d/pgspecial/pgspecial/dbcommands/util.go:20.10,22.5 1 1
github.com/balaji01-4d/pgspecial/pgspecial/dbcommands/util.go:24.42,25.31 1 1
github.com/balaji01-4d/pgspecial/pgspecial/dbcommands/util.go:27.30,28.25 1 1
github.com/balaji01-4d/pgspecial/pgspecial/dbcommands/util.go:30.30,31.22 1 1
github.com/balaji01-4d/pgspecial/pgspecial/dbcommands/util.go:33.30,36.15 3 1
github.com/balaji01-4d/pgspecial/pgspecial/dbcommands/util.go:38.11,39.81 1 1
github.com/balaji01-4d/pgspecial/pgspecial/dbcommands/util.go:39.81,41.5 1 1
github.com/balaji01-4d/pgspecial/pgspecial/dbcommands/util.go:42.4,42.20 1 1
github.com/balaji01-4d/pgspecial/pgspecial/dbcommands/util.go:46.2,46.19 1 1
github.com/balaji01-4d/pgspecial/pgspecial/dbcommands/util.go:46.19,48.3 1 1
github.com/balaji01-4d/pgspecial/pgspecial/dbcommands/util.go:49.2,49.22 1 1
github.com/balaji01-4d/pgspecial/pgspecial/dbcommands/util.go:49.22,51.3 1 1
github.com/balaji01-4d/pgspecial/pgspecial/dbcommands/util.go:53.2,53.22 1 1
